Data: 01/10/2019 09:50
 Erro: SQLSTATE[42000]: Syntax error or access violation: 1064 You have an error in your SQL syntax; check the manual that corresponds to your MySQL server version for the right syntax to use near 'grupos (grup_nome ) VALUES ( 'das' )' at line 1

Data: 01/10/2019 09:53
Erro: SQLSTATE[42000]: Syntax error or access violation: 1064 You have an error in your SQL syntax; check the manual that corresponds to your MySQL server version for the right syntax to use near 'grupos (grup_nome ) VALUES ( 'das' )' at line 1

Data: 01/10/2019 09:53
Erro: SQLSTATE[42000]: Syntax error or access violation: 1064 You have an error in your SQL syntax; check the manual that corresponds to your MySQL server version for the right syntax to use near 'grupos (grup_nome ) VALUES ( 'asfds' )' at line 1

Data: 01/10/2019 09:53
Erro: SQLSTATE[42000]: Syntax error or access violation: 1064 You have an error in your SQL syntax; check the manual that corresponds to your MySQL server version for the right syntax to use near 'grupos (grup_nome ) VALUES ( 'dfgfdg' )' at line 1

Data: 01/10/2019 09:55
Erro: SQLSTATE[23000]: Integrity constraint violation: 1048 Column 'prod_qte_estoque' cannot be null

Data: 01/10/2019 09:55
Erro: SQLSTATE[23000]: Integrity constraint violation: 1048 Column 'prod_qte_estoque' cannot be null

Data: 01/10/2019 09:55
Erro: SQLSTATE[23000]: Integrity constraint violation: 1048 Column 'prod_qte_estoque' cannot be null

Data: 01/10/2019 09:57
Erro: SQLSTATE[42S02]: Base table or view not found: 1146 Table 'arg.grupos' doesn't exist

Data: 01/10/2019 09:57
Erro: SQLSTATE[42S02]: Base table or view not found: 1146 Table 'arg.subgrupos' doesn't exist

Data: 01/10/2019 09:57
Erro: SQLSTATE[42S02]: Base table or view not found: 1146 Table 'arg.grupos' doesn't exist

Data: 01/10/2019 09:57
Erro: SQLSTATE[23000]: Integrity constraint violation: 1048 Column 'prod_qte_estoque' cannot be null

Data: 01/10/2019 10:01
Erro: SQLSTATE[42000]: Syntax error or access violation: 1064 You have an error in your SQL syntax; check the manual that corresponds to your MySQL server version for the right syntax to use near '' at line 1

Data: 01/10/2019 10:09
Erro: SQLSTATE[42000]: Syntax error or access violation: 1064 You have an error in your SQL syntax; check the manual that corresponds to your MySQL server version for the right syntax to use near '' at line 1

Data: 01/10/2019 10:11
Erro: SQLSTATE[42000]: Syntax error or access violation: 1064 You have an error in your SQL syntax; check the manual that corresponds to your MySQL server version for the right syntax to use near '' at line 1

Data: 01/10/2019 15:59
Erro: SQLSTATE[42000]: Syntax error or access violation: 1235 This version of MySQL doesn't yet support 'multiple triggers with the same action time and event for one table'

Data: 01/10/2019 16:00
Erro: SQLSTATE[42000]: Syntax error or access violation: 1235 This version of MySQL doesn't yet support 'multiple triggers with the same action time and event for one table'

Data: 01/10/2019 16:00
Erro: SQLSTATE[42000]: Syntax error or access violation: 1064 You have an error in your SQL syntax; check the manual that corresponds to your MySQL server version for the right syntax to use near 't yet support 'multiple triggers with the same action time and event for one tab' at line 1

Data: 01/10/2019 16:06
Erro: SQLSTATE[42000]: Syntax error or access violation: 1235 This version of MySQL doesn't yet support 'multiple triggers with the same action time and event for one table'

Data: 01/10/2019 16:06
Erro: SQLSTATE[42000]: Syntax error or access violation: 1064 You have an error in your SQL syntax; check the manual that corresponds to your MySQL server version for the right syntax to use near 't yet support 'multiple triggers with the same action time and event for one tab' at line 1

Data: 01/10/2019 16:07
Erro: SQLSTATE[42000]: Syntax error or access violation: 1235 This version of MySQL doesn't yet support 'multiple triggers with the same action time and event for one table'

Data: 01/10/2019 16:07
Erro: SQLSTATE[42000]: Syntax error or access violation: 1064 You have an error in your SQL syntax; check the manual that corresponds to your MySQL server version for the right syntax to use near 't yet support 'multiple triggers with the same action time and event for one tab' at line 1

Data: 01/10/2019 16:08
Erro: SQLSTATE[42000]: Syntax error or access violation: 1235 This version of MySQL doesn't yet support 'multiple triggers with the same action time and event for one table'

Data: 01/10/2019 16:08
Erro: SQLSTATE[42000]: Syntax error or access violation: 1235 This version of MySQL doesn't yet support 'multiple triggers with the same action time and event for one table'

Data: 01/10/2019 16:09
Erro: SQLSTATE[42000]: Syntax error or access violation: 1064 You have an error in your SQL syntax; check the manual that corresponds to your MySQL server version for the right syntax to use near '' at line 1

Data: 01/10/2019 16:09
Erro: SQLSTATE[42S22]: Column not found: 1054 Unknown column 'prvm_idprodutos' in 'field list'

Data: 01/10/2019 16:10
Erro: SQLSTATE[42S22]: Column not found: 1054 Unknown column 'prvm_idprodutos' in 'field list'

Data: 01/10/2019 16:11
Erro: SQLSTATE[42S22]: Column not found: 1054 Unknown column 'pmv_idprodutos' in 'field list'

Data: 01/10/2019 16:11
Erro: SQLSTATE[42S22]: Column not found: 1054 Unknown column 'pmv_idprodutos' in 'field list'

Data: 01/10/2019 16:24
Erro: SQLSTATE[23000]: Integrity constraint violation: 1048 Column 'prod_qte_estoque' cannot be null

Data: 02/10/2019 13:19
Erro: SQLSTATE[42000]: Syntax error or access violation: 1064 You have an error in your SQL syntax; check the manual that corresponds to your MySQL server version for the right syntax to use near '' at line 1

Data: 09/10/2019 10:53
Erro: SQLSTATE[42000]: Syntax error or access violation: 1064 You have an error in your SQL syntax; check the manual that corresponds to your MySQL server version for the right syntax to use near '' at line 1

Data: 10/10/2019 10:17
Erro: SQLSTATE[42000]: Syntax error or access violation: 1064 You have an error in your SQL syntax; check the manual that corresponds to your MySQL server version for the right syntax to use near '' at line 1

Data: 14/10/2019 09:07
Erro: SQLSTATE[42000]: Syntax error or access violation: 1064 You have an error in your SQL syntax; check the manual that corresponds to your MySQL server version for the right syntax to use near '' at line 1

Data: 14/10/2019 09:14
Erro: SQLSTATE[42000]: Syntax error or access violation: 1064 You have an error in your SQL syntax; check the manual that corresponds to your MySQL server version for the right syntax to use near 'fernandes',pess_rg = '46.546.546-5',pess_cpf = '486.656.698-17',pess_cnpj = NULL' at line 1

Data: 17/10/2019 13:25
Erro: SQLSTATE[42000]: Syntax error or access violation: 1064 You have an error in your SQL syntax; check the manual that corresponds to your MySQL server version for the right syntax to use near '' at line 1

Data: 17/10/2019 13:27
Erro: SQLSTATE[HY000]: General error: 2014 Cannot execute queries while other unbuffered queries are active.  Consider using PDOStatement::fetchAll().  Alternatively, if your code is only ever going to run against mysql, you may enable query buffering by setting the PDO::MYSQL_ATTR_USE_BUFFERED_QUERY attribute.

Data: 17/10/2019 13:30
Erro: SQLSTATE[HY000]: General error: 2014 Cannot execute queries while other unbuffered queries are active.  Consider using PDOStatement::fetchAll().  Alternatively, if your code is only ever going to run against mysql, you may enable query buffering by setting the PDO::MYSQL_ATTR_USE_BUFFERED_QUERY attribute.

Data: 17/10/2019 13:31
Erro: SQLSTATE[HY000]: General error: 2014 Cannot execute queries while other unbuffered queries are active.  Consider using PDOStatement::fetchAll().  Alternatively, if your code is only ever going to run against mysql, you may enable query buffering by setting the PDO::MYSQL_ATTR_USE_BUFFERED_QUERY attribute.

Data: 17/10/2019 13:33
Erro: SQLSTATE[HY000]: General error: 2014 Cannot execute queries while other unbuffered queries are active.  Consider using PDOStatement::fetchAll().  Alternatively, if your code is only ever going to run against mysql, you may enable query buffering by setting the PDO::MYSQL_ATTR_USE_BUFFERED_QUERY attribute.

Data: 17/10/2019 13:36
Erro: SQLSTATE[HY000]: General error: 2014 Cannot execute queries while other unbuffered queries are active.  Consider using PDOStatement::fetchAll().  Alternatively, if your code is only ever going to run against mysql, you may enable query buffering by setting the PDO::MYSQL_ATTR_USE_BUFFERED_QUERY attribute.

Data: 17/10/2019 13:38
Erro: SQLSTATE[HY000]: General error: 2014 Cannot execute queries while other unbuffered queries are active.  Consider using PDOStatement::fetchAll().  Alternatively, if your code is only ever going to run against mysql, you may enable query buffering by setting the PDO::MYSQL_ATTR_USE_BUFFERED_QUERY attribute.

Data: 17/10/2019 13:43
Erro: SQLSTATE[HY000]: General error: 2014 Cannot execute queries while other unbuffered queries are active.  Consider using PDOStatement::fetchAll().  Alternatively, if your code is only ever going to run against mysql, you may enable query buffering by setting the PDO::MYSQL_ATTR_USE_BUFFERED_QUERY attribute.

Data: 17/10/2019 13:46
Erro: SQLSTATE[HY000]: General error: 2014 Cannot execute queries while other unbuffered queries are active.  Consider using PDOStatement::fetchAll().  Alternatively, if your code is only ever going to run against mysql, you may enable query buffering by setting the PDO::MYSQL_ATTR_USE_BUFFERED_QUERY attribute.

Data: 17/10/2019 13:47
Erro: SQLSTATE[42000]: Syntax error or access violation: 1064 You have an error in your SQL syntax; check the manual that corresponds to your MySQL server version for the right syntax to use near '' at line 1

Data: 17/10/2019 13:47
Erro: SQLSTATE[HY000]: General error: 2014 Cannot execute queries while other unbuffered queries are active.  Consider using PDOStatement::fetchAll().  Alternatively, if your code is only ever going to run against mysql, you may enable query buffering by setting the PDO::MYSQL_ATTR_USE_BUFFERED_QUERY attribute.

Data: 17/10/2019 13:49
Erro: SQLSTATE[HY000]: General error: 2014 Cannot execute queries while other unbuffered queries are active.  Consider using PDOStatement::fetchAll().  Alternatively, if your code is only ever going to run against mysql, you may enable query buffering by setting the PDO::MYSQL_ATTR_USE_BUFFERED_QUERY attribute.

Data: 17/10/2019 13:54
Erro: SQLSTATE[42000]: Syntax error or access violation: 1235 This version of MySQL doesn't yet support 'multiple triggers with the same action time and event for one table'